2019-05-17 07:56:15 INFO  Master:2566 - Started daemon with process name: 11876@iris-018
2019-05-17 07:56:15 INFO  Worker:2566 - Started daemon with process name: 11877@iris-018
2019-05-17 07:56:15 INFO  SignalUtils:54 - Registered signal handler for TERM
2019-05-17 07:56:15 INFO  SignalUtils:54 - Registered signal handler for HUP
2019-05-17 07:56:15 INFO  SignalUtils:54 - Registered signal handler for INT
2019-05-17 07:56:15 INFO  SignalUtils:54 - Registered signal handler for TERM
2019-05-17 07:56:15 INFO  SignalUtils:54 - Registered signal handler for HUP
2019-05-17 07:56:15 INFO  SignalUtils:54 - Registered signal handler for INT
2019-05-17 07:56:16 WARN  NativeCodeLoader:62 - Unable to load native-hadoop library for your platform... using builtin-java classes where applicable
2019-05-17 07:56:16 WARN  NativeCodeLoader:62 - Unable to load native-hadoop library for your platform... using builtin-java classes where applicable
2019-05-17 07:56:16 INFO  SecurityManager:54 - Changing view acls to: drebonato
2019-05-17 07:56:16 INFO  SecurityManager:54 - Changing modify acls to: drebonato
2019-05-17 07:56:16 INFO  SecurityManager:54 - Changing view acls groups to: 
2019-05-17 07:56:16 INFO  SecurityManager:54 - Changing modify acls groups to: 
2019-05-17 07:56:16 INFO  SecurityManager:54 - SecurityManager: authentication disabled; ui acls disabled; users  with view permissions: Set(drebonato); groups with view permissions: Set(); users  with modify permissions: Set(drebonato); groups with modify permissions: Set()
2019-05-17 07:56:16 INFO  SecurityManager:54 - Changing view acls to: drebonato
2019-05-17 07:56:16 INFO  SecurityManager:54 - Changing modify acls to: drebonato
2019-05-17 07:56:16 INFO  SecurityManager:54 - Changing view acls groups to: 
2019-05-17 07:56:16 INFO  SecurityManager:54 - Changing modify acls groups to: 
2019-05-17 07:56:16 INFO  SecurityManager:54 - SecurityManager: authentication disabled; ui acls disabled; users  with view permissions: Set(drebonato); groups with view permissions: Set(); users  with modify permissions: Set(drebonato); groups with modify permissions: Set()
2019-05-17 07:56:16 INFO  Utils:54 - Successfully started service 'sparkMaster' on port 7077.
2019-05-17 07:56:16 INFO  Master:54 - Starting Spark master at spark://iris-018:7077
2019-05-17 07:56:16 INFO  Master:54 - Running Spark version 2.4.0
2019-05-17 07:56:16 INFO  Utils:54 - Successfully started service 'sparkWorker' on port 33380.
2019-05-17 07:56:16 INFO  log:192 - Logging initialized @2679ms
2019-05-17 07:56:16 INFO  Server:351 - jetty-9.3.z-SNAPSHOT, build timestamp: unknown, git hash: unknown
2019-05-17 07:56:16 INFO  Server:419 - Started @2748ms
2019-05-17 07:56:16 INFO  AbstractConnector:278 - Started ServerConnector@1baa27df{HTTP/1.1,[http/1.1]}{0.0.0.0:9080}
2019-05-17 07:56:16 INFO  Utils:54 - Successfully started service 'MasterUI' on port 9080.
2019-05-17 07:56:16 INFO  ContextHandler:781 - Started o.s.j.s.ServletContextHandler@4b14d34{/app,null,AVAILABLE,@Spark}
2019-05-17 07:56:16 INFO  ContextHandler:781 - Started o.s.j.s.ServletContextHandler@70bc2d5c{/app/json,null,AVAILABLE,@Spark}
2019-05-17 07:56:16 INFO  ContextHandler:781 - Started o.s.j.s.ServletContextHandler@65e111ae{/,null,AVAILABLE,@Spark}
2019-05-17 07:56:16 INFO  ContextHandler:781 - Started o.s.j.s.ServletContextHandler@450f7e7d{/json,null,AVAILABLE,@Spark}
2019-05-17 07:56:16 INFO  ContextHandler:781 - Started o.s.j.s.ServletContextHandler@54c86d4d{/static,null,AVAILABLE,@Spark}
2019-05-17 07:56:16 INFO  ContextHandler:781 - Started o.s.j.s.ServletContextHandler@18aacb57{/app/kill,null,AVAILABLE,@Spark}
2019-05-17 07:56:16 INFO  ContextHandler:781 - Started o.s.j.s.ServletContextHandler@72d6c99c{/driver/kill,null,AVAILABLE,@Spark}
2019-05-17 07:56:16 INFO  MasterWebUI:54 - Bound MasterWebUI to 0.0.0.0, and started at http://node-18.iris-cluster.uni.lux:9080
2019-05-17 07:56:16 INFO  Worker:54 - Starting Spark worker 172.17.6.18:33380 with 27 cores, 124.8 GB RAM
2019-05-17 07:56:16 INFO  Worker:54 - Running Spark version 2.4.0
2019-05-17 07:56:16 INFO  Worker:54 - Spark home: /home/users/drebonato/.local/easybuild/software/devel/Spark/2.4.0-Hadoop-2.7-Java-1.8.0_162
2019-05-17 07:56:17 INFO  log:192 - Logging initialized @2996ms
2019-05-17 07:56:17 INFO  ContextHandler:781 - Started o.s.j.s.ServletContextHandler@750148be{/metrics/master/json,null,AVAILABLE,@Spark}
2019-05-17 07:56:17 INFO  ContextHandler:781 - Started o.s.j.s.ServletContextHandler@2fa6ac84{/metrics/applications/json,null,AVAILABLE,@Spark}
2019-05-17 07:56:17 INFO  Master:54 - I have been elected leader! New state: ALIVE
2019-05-17 07:56:17 INFO  Server:351 - jetty-9.3.z-SNAPSHOT, build timestamp: unknown, git hash: unknown
2019-05-17 07:56:17 INFO  Server:419 - Started @3064ms
2019-05-17 07:56:17 INFO  AbstractConnector:278 - Started ServerConnector@17697df3{HTTP/1.1,[http/1.1]}{0.0.0.0:9081}
2019-05-17 07:56:17 INFO  Utils:54 - Successfully started service 'WorkerUI' on port 9081.
2019-05-17 07:56:17 INFO  ContextHandler:781 - Started o.s.j.s.ServletContextHandler@2db19045{/logPage,null,AVAILABLE,@Spark}
2019-05-17 07:56:17 INFO  ContextHandler:781 - Started o.s.j.s.ServletContextHandler@541d76a3{/logPage/json,null,AVAILABLE,@Spark}
2019-05-17 07:56:17 INFO  ContextHandler:781 - Started o.s.j.s.ServletContextHandler@57cd324c{/,null,AVAILABLE,@Spark}
2019-05-17 07:56:17 INFO  ContextHandler:781 - Started o.s.j.s.ServletContextHandler@2ea95da9{/json,null,AVAILABLE,@Spark}
2019-05-17 07:56:17 INFO  ContextHandler:781 - Started o.s.j.s.ServletContextHandler@11be8eb1{/static,null,AVAILABLE,@Spark}
2019-05-17 07:56:17 INFO  ContextHandler:781 - Started o.s.j.s.ServletContextHandler@42ad75b8{/log,null,AVAILABLE,@Spark}
2019-05-17 07:56:17 INFO  WorkerWebUI:54 - Bound WorkerWebUI to 0.0.0.0, and started at http://node-18.iris-cluster.uni.lux:9081
2019-05-17 07:56:17 INFO  Worker:54 - Connecting to master iris-018:7077...
2019-05-17 07:56:17 INFO  ContextHandler:781 - Started o.s.j.s.ServletContextHandler@446c78cd{/metrics/json,null,AVAILABLE,@Spark}
2019-05-17 07:56:17 INFO  TransportClientFactory:267 - Successfully created connection to iris-018/172.17.6.18:7077 after 50 ms (0 ms spent in bootstraps)
2019-05-17 07:56:17 INFO  Master:54 - Registering worker 172.17.6.18:33380 with 27 cores, 124.8 GB RAM
2019-05-17 07:56:17 INFO  Worker:54 - Successfully registered with master spark://iris-018:7077
2019-05-17 07:56:18 WARN  NativeCodeLoader:62 - Unable to load native-hadoop library for your platform... using builtin-java classes where applicable
Setting default log level to "WARN".
To adjust logging level use sc.setLogLevel(newLevel). For SparkR, use setLogLevel(newLevel).
2019-05-17 07:56:24 INFO  Master:54 - Registering app Spark shell
2019-05-17 07:56:24 INFO  Master:54 - Registered app Spark shell with ID app-20190517075624-0000
2019-05-17 07:56:24 INFO  Master:54 - Launching executor app-20190517075624-0000/0 on worker worker-20190517075616-172.17.6.18-33380
2019-05-17 07:56:24 INFO  Worker:54 - Asked to launch executor app-20190517075624-0000/0 for Spark shell
2019-05-17 07:56:24 INFO  SecurityManager:54 - Changing view acls to: drebonato
2019-05-17 07:56:24 INFO  SecurityManager:54 - Changing modify acls to: drebonato
2019-05-17 07:56:24 INFO  SecurityManager:54 - Changing view acls groups to: 
2019-05-17 07:56:24 INFO  SecurityManager:54 - Changing modify acls groups to: 
2019-05-17 07:56:24 INFO  SecurityManager:54 - SecurityManager: authentication disabled; ui acls disabled; users  with view permissions: Set(drebonato); groups with view permissions: Set(); users  with modify permissions: Set(drebonato); groups with modify permissions: Set()
2019-05-17 07:56:25 INFO  ExecutorRunner:54 - Launch command: "/opt/apps/resif/data/production/v1.1-20180716/default/software/lang/Java/1.8.0_162/bin/java" "-cp" "/home/users/drebonato/.local/easybuild/software/devel/Spark/2.4.0-Hadoop-2.7-Java-1.8.0_162/conf/:/home/users/drebonato/.local/easybuild/software/devel/Spark/2.4.0-Hadoop-2.7-Java-1.8.0_162/jars/*" "-Xmx122880M" "-Dspark.driver.port=33813" "org.apache.spark.executor.CoarseGrainedExecutorBackend" "--driver-url" "spark://CoarseGrainedScheduler@node-18.iris-cluster.uni.lux:33813" "--executor-id" "0" "--hostname" "172.17.6.18" "--cores" "27" "--app-id" "app-20190517075624-0000" "--worker-url" "spark://Worker@172.17.6.18:33380"
Spark context Web UI available at http://node-18.iris-cluster.uni.lux:4040
Spark context available as 'sc' (master = spark://iris-018:7077, app id = app-20190517075624-0000).
Spark session available as 'spark'.


>>>>>>> Total Files: 60
>>>>>>> Number Train Files: 51
>>>>>>> Number Test Files: 9
Number Train Lines: 4858
>>>>>>> Number Test Lines: 857
Working on Files From: /mnt/lscratch/users/drebonato/master-thesis/manual/lux



====== Printing Results Scenario 1
Precision DT: 0.9714285714285714
Precision RF: 0.9444444444444444
Recall DT: 0.9444444444444444
Recall RF: 0.9444444444444444
F-Measure DT: 0.9577464788732395
F-Measure RF: 0.9444444444444444
AUC-PR DT: 0.9456113055879684
AUC-PR RF: 0.9193767376867338
AUC-ROC DT: 0.9716132088239274
AUC-ROC RF: 0.9710041954256328

====== Printing Results Scenario 2
Precision DT: 0.9696969696969697
Precision RF: 0.9032258064516129
Recall DT: 0.8888888888888888
Recall RF: 0.7777777777777778
F-Measure DT: 0.927536231884058
F-Measure RF: 0.835820895522388
AUC-PR DT: 0.9181586381119636
AUC-PR RF: 0.8075348280866405
AUC-ROC DT: 0.9438354310461496
AUC-ROC RF: 0.8870618486940046

====== Printing Results Scenario 3
Precision DT: 0.9705882352941176
Precision RF: 0.9722222222222222
Recall DT: 0.9166666666666666
Recall RF: 0.9722222222222222
F-Measure DT: 0.9428571428571428
F-Measure RF: 0.9722222222222222
AUC-PR DT: 0.9318973505388153
AUC-PR RF: 0.9593025663742311
AUC-ROC DT: 0.9577243199350385
AUC-ROC RF: 0.9855020977128164


====== Printing Results Scenario 4
Precision DT: 0.9722222222222222
Precision RF: 0.9722222222222222
Recall DT: 0.9722222222222222
Recall RF: 0.9722222222222222
F-Measure DT: 0.9722222222222222
F-Measure RF: 0.9722222222222222
AUC-PR DT: 0.9593025663742311
AUC-PR RF: 0.9593025663742311
AUC-ROC DT: 0.9855020977128164
AUC-ROC RF: 0.9855020977128164


====== Printing Results Scenario 5
Precision DT: 0.896551724137931
Precision RF: 0.9629629629629629
Recall DT: 0.7222222222222222
Recall RF: 0.7222222222222222
F-Measure DT: 0.7999999999999999
F-Measure RF: 0.8253968253968254
AUC-PR DT: 0.7778649570586158
AUC-PR RF: 0.8350524127135043
AUC-ROC DT: 0.8592840709162268
AUC-ROC RF: 0.8605020977128164


====== Printing Results Scenario 6
Precision DT: 0.813953488372093
Precision RF: 0.8
Recall DT: 0.9722222222222222
Recall RF: 0.7777777777777778
F-Measure DT: 0.8860759493670887
F-Measure RF: 0.7887323943661971
AUC-PR DT: 0.8032320093831316
AUC-PR RF: 0.7157785556852068
AUC-ROC DT: 0.981239003924753
AUC-ROC RF: 0.8846257951008255


====== Printing Results Scenario 7
Precision DT: 0.9714285714285714
Precision RF: 0.9722222222222222
Recall DT: 0.9444444444444444
Recall RF: 0.9722222222222222
F-Measure DT: 0.9577464788732395
F-Measure RF: 0.9722222222222222
AUC-PR DT: 0.9456113055879684
AUC-PR RF: 0.9593025663742311
AUC-ROC DT: 0.9716132088239274
AUC-ROC RF: 0.9855020977128164
Welcome to
      ____              __
     / __/__  ___ _____/ /__
    _\ \/ _ \/ _ `/ __/  '_/
   /___/ .__/\_,_/_/ /_/\_\   version 2.4.0
      /_/
         
Using Scala version 2.11.12 (Java HotSpot(TM) 64-Bit Server VM, Java 1.8.0_162)
Type in expressions to have them evaluated.
Type :help for more information.

scala> :quit
2019-05-17 08:52:06 INFO  Master:54 - Received unregister request from application app-20190517075624-0000
2019-05-17 08:52:06 INFO  Master:54 - Removing app app-20190517075624-0000
2019-05-17 08:52:06 INFO  Worker:54 - Asked to kill executor app-20190517075624-0000/0
2019-05-17 08:52:06 INFO  ExecutorRunner:54 - Runner thread for executor app-20190517075624-0000/0 interrupted
2019-05-17 08:52:06 INFO  ExecutorRunner:54 - Killing process!
2019-05-17 08:52:06 INFO  Master:54 - 172.17.6.18:44620 got disassociated, removing it.
2019-05-17 08:52:06 INFO  Master:54 - node-18.iris-cluster.uni.lux:33813 got disassociated, removing it.

real	55m51.551s
user	29m12.531s
sys	4m0.962s
====== Cleaning up: SPARK_CLEAN_TEMP=1
